{"total": {"lines":{"total":468,"covered":468,"skipped":0,"pct":100},"statements":{"total":469,"covered":469,"skipped":0,"pct":100},"functions":{"total":75,"covered":75,"skipped":0,"pct":100},"branches":{"total":164,"covered":164,"skipped":0,"pct":100}}
,"C:\\Users\\User\\Documents\\information enginer\\sem 7\\software quality\\ronniemi-sqe-workshop-2018-3\\src\\js\\code-analyzer.js": {"lines":{"total":2,"covered":2,"skipped":0,"pct":100},"functions":{"total":1,"covered":1,"skipped":0,"pct":100},"statements":{"total":2,"covered":2,"skipped":0,"pct":100},"branches":{"total":0,"covered":0,"skipped":0,"pct":100}}
,"C:\\Users\\User\\Documents\\information enginer\\sem 7\\software quality\\ronniemi-sqe-workshop-2018-3\\src\\js\\code-cgf.js": {"lines":{"total":232,"covered":232,"skipped":0,"pct":100},"functions":{"total":30,"covered":30,"skipped":0,"pct":100},"statements":{"total":232,"covered":232,"skipped":0,"pct":100},"branches":{"total":77,"covered":77,"skipped":0,"pct":100}}
,"C:\\Users\\User\\Documents\\information enginer\\sem 7\\software quality\\ronniemi-sqe-workshop-2018-3\\src\\js\\code-coloring.js": {"lines":{"total":234,"covered":234,"skipped":0,"pct":100},"functions":{"total":44,"covered":44,"skipped":0,"pct":100},"statements":{"total":235,"covered":235,"skipped":0,"pct":100},"branches":{"total":87,"covered":87,"skipped":0,"pct":100}}
}
